# JRE version: OpenJDK Runtime Environment (8.0_76-b03) (build 1.8.0_76-release-b03)
# Java VM: OpenJDK 64-Bit Server VM (25.76-b03 mixed mode windows-amd64 compressed oops)
Heap:
 PSYoungGen      total 222208K, used 78843K [0x00000000eab00000, 0x00000000fa900000, 0x0000000100000000)
  eden space 199680K, 33% used [0x00000000eab00000,0x00000000eed09f50,0x00000000f6e00000)
  from space 22528K, 49% used [0x00000000f9300000,0x00000000f9df4d58,0x00000000fa900000)
  to   space 30208K, 0% used [0x00000000f6e00000,0x00000000f6e00000,0x00000000f8b80000)
 ParOldGen       total 182272K, used 54010K [0x00000000c0000000, 0x00000000cb200000, 0x00000000eab00000)
  object space 182272K, 29% used [0x00000000c0000000,0x00000000c34bea08,0x00000000cb200000)
 Metaspace       used 70371K, capacity 73072K, committed 73368K, reserved 1112064K
  class space    used 9171K, capacity 9808K, committed 9880K, reserved 1048576K
GC Heap History (10 events):
Event: 45.513 GC heap before
{Heap before GC invocations=16 (full 4):
 PSYoungGen      total 181760K, used 2200K [0x00000000eab00000, 0x00000000f7700000, 0x0000000100000000)
  eden space 155136K, 0% used [0x00000000eab00000,0x00000000eab00000,0x00000000f4280000)
  from space 26624K, 8% used [0x00000000f5c80000,0x00000000f5ea63c8,0x00000000f7680000)
  to   space 26624K, 0% used [0x00000000f4280000,0x00000000f4280000,0x00000000f5c80000)
 ParOldGen       total 182272K, used 45852K [0x00000000c0000000, 0x00000000cb200000, 0x00000000eab00000)
  object space 182272K, 25% used [0x00000000c0000000,0x00000000c2cc7298,0x00000000cb200000)
 Metaspace       used 58369K, capacity 60590K, committed 60696K, reserved 1101824K
  class space    used 7875K, capacity 8465K, committed 8472K, reserved 1048576K
Event: 45.884 GC heap after
Heap after GC invocations=16 (full 4):
 PSYoungGen      total 181760K, used 0K [0x00000000eab00000, 0x00000000f7700000, 0x0000000100000000)
  eden space 155136K, 0% used [0x00000000eab00000,0x00000000eab00000,0x00000000f4280000)
  from space 26624K, 0% used [0x00000000f5c80000,0x00000000f5c80000,0x00000000f7680000)
  to   space 26624K, 0% used [0x00000000f4280000,0x00000000f4280000,0x00000000f5c80000)
 ParOldGen       total 182272K, used 45324K [0x00000000c0000000, 0x00000000cb200000, 0x00000000eab00000)
  object space 182272K, 24% used [0x00000000c0000000,0x00000000c2c43230,0x00000000cb200000)
 Metaspace       used 58369K, capacity 60590K, committed 60696K, reserved 1101824K
  class space    used 7875K, capacity 8465K, committed 8472K, reserved 1048576K
}
Event: 68.956 GC heap before
{Heap before GC invocations=17 (full 4):
 PSYoungGen      total 181760K, used 155136K [0x00000000eab00000, 0x00000000f7700000, 0x0000000100000000)
  eden space 155136K, 100% used [0x00000000eab00000,0x00000000f4280000,0x00000000f4280000)
  from space 26624K, 0% used [0x00000000f5c80000,0x00000000f5c80000,0x00000000f7680000)
  to   space 26624K, 0% used [0x00000000f4280000,0x00000000f4280000,0x00000000f5c80000)
 ParOldGen       total 182272K, used 45324K [0x00000000c0000000, 0x00000000cb200000, 0x00000000eab00000)
  object space 182272K, 24% used [0x00000000c0000000,0x00000000c2c43230,0x00000000cb200000)
 Metaspace       used 60891K, capacity 63302K, committed 63512K, reserved 1103872K
  class space    used 8095K, capacity 8705K, committed 8728K, reserved 1048576K
Event: 68.969 GC heap after
Heap after GC invocations=17 (full 4):
 PSYoungGen      total 181760K, used 7284K [0x00000000eab00000, 0x00000000f8980000, 0x0000000100000000)
  eden space 155136K, 0% used [0x00000000eab00000,0x00000000eab00000,0x00000000f4280000)
  from space 26624K, 27% used [0x00000000f4280000,0x00000000f499d1f0,0x00000000f5c80000)
  to   space 25600K, 0% used [0x00000000f7080000,0x00000000f7080000,0x00000000f8980000)
 ParOldGen       total 182272K, used 45332K [0x00000000c0000000, 0x00000000cb200000, 0x00000000eab00000)
  object space 182272K, 24% used [0x00000000c0000000,0x00000000c2c45230,0x00000000cb200000)
 Metaspace       used 60891K, capacity 63302K, committed 63512K, reserved 1103872K
  class space    used 8095K, capacity 8705K, committed 8728K, reserved 1048576K
}
Event: 79.985 GC heap before
{Heap before GC invocations=18 (full 4):
 PSYoungGen      total 181760K, used 162420K [0x00000000eab00000, 0x00000000f8980000, 0x0000000100000000)
  eden space 155136K, 100% used [0x00000000eab00000,0x00000000f4280000,0x00000000f4280000)
  from space 26624K, 27% used [0x00000000f4280000,0x00000000f499d1f0,0x00000000f5c80000)
  to   space 25600K, 0% used [0x00000000f7080000,0x00000000f7080000,0x00000000f8980000)
 ParOldGen       total 182272K, used 45332K [0x00000000c0000000, 0x00000000cb200000, 0x00000000eab00000)
  object space 182272K, 24% used [0x00000000c0000000,0x00000000c2c45230,0x00000000cb200000)
 Metaspace       used 64226K, capacity 66674K, committed 66968K, reserved 1107968K
  class space    used 8492K, capacity 9073K, committed 9112K, reserved 1048576K
Event: 80.007 GC heap after
Heap after GC invocations=18 (full 4):
 PSYoungGen      total 196096K, used 12141K [0x00000000eab00000, 0x00000000f8600000, 0x0000000100000000)
  eden space 174080K, 0% used [0x00000000eab00000,0x00000000eab00000,0x00000000f5500000)
  from space 22016K, 55% used [0x00000000f7080000,0x00000000f7c5b798,0x00000000f8600000)
  to   space 25088K, 0% used [0x00000000f5500000,0x00000000f5500000,0x00000000f6d80000)
 ParOldGen       total 182272K, used 45340K [0x00000000c0000000, 0x00000000cb200000, 0x00000000eab00000)
  object space 182272K, 24% used [0x00000000c0000000,0x00000000c2c47230,0x00000000cb200000)
 Metaspace       used 64226K, capacity 66674K, committed 66968K, reserved 1107968K
  class space    used 8492K, capacity 9073K, committed 9112K, reserved 1048576K
}
Event: 82.537 GC heap before
{Heap before GC invocations=19 (full 4):
 PSYoungGen      total 196096K, used 186221K [0x00000000eab00000, 0x00000000f8600000, 0x0000000100000000)
  eden space 174080K, 100% used [0x00000000eab00000,0x00000000f5500000,0x00000000f5500000)
  from space 22016K, 55% used [0x00000000f7080000,0x00000000f7c5b798,0x00000000f8600000)
  to   space 25088K, 0% used [0x00000000f5500000,0x00000000f5500000,0x00000000f6d80000)
 ParOldGen       total 182272K, used 45340K [0x00000000c0000000, 0x00000000cb200000, 0x00000000eab00000)
  object space 182272K, 24% used [0x00000000c0000000,0x00000000c2c47230,0x00000000cb200000)
 Metaspace       used 64652K, capacity 67090K, committed 67224K, reserved 1107968K
  class space    used 8516K, capacity 9105K, committed 9112K, reserved 1048576K
Event: 82.581 GC heap after
Heap after GC invocations=19 (full 4):
 PSYoungGen      total 199168K, used 25087K [0x00000000eab00000, 0x00000000fb200000, 0x0000000100000000)
  eden space 174080K, 0% used [0x00000000eab00000,0x00000000eab00000,0x00000000f5500000)
  from space 25088K, 99% used [0x00000000f5500000,0x00000000f6d7ffc8,0x00000000f6d80000)
  to   space 31744K, 0% used [0x00000000f9300000,0x00000000f9300000,0x00000000fb200000)
 ParOldGen       total 182272K, used 54002K [0x00000000c0000000, 0x00000000cb200000, 0x00000000eab00000)
  object space 182272K, 29% used [0x00000000c0000000,0x00000000c34bca08,0x00000000cb200000)
 Metaspace       used 64652K, capacity 67090K, committed 67224K, reserved 1107968K
  class space    used 8516K, capacity 9105K, committed 9112K, reserved 1048576K
}
Event: 264.346 GC heap before
{Heap before GC invocations=20 (full 4):
 PSYoungGen      total 199168K, used 199167K [0x00000000eab00000, 0x00000000fb200000, 0x0000000100000000)
  eden space 174080K, 100% used [0x00000000eab00000,0x00000000f5500000,0x00000000f5500000)
  from space 25088K, 99% used [0x00000000f5500000,0x00000000f6d7ffc8,0x00000000f6d80000)
  to   space 31744K, 0% used [0x00000000f9300000,0x00000000f9300000,0x00000000fb200000)
 ParOldGen       total 182272K, used 54002K [0x00000000c0000000, 0x00000000cb200000, 0x00000000eab00000)
  object space 182272K, 29% used [0x00000000c0000000,0x00000000c34bca08,0x00000000cb200000)
 Metaspace       used 65269K, capacity 67950K, committed 68120K, reserved 1107968K
  class space    used 8566K, capacity 9221K, committed 9240K, reserved 1048576K
Event: 264.363 GC heap after
Heap after GC invocations=20 (full 4):
 PSYoungGen      total 222208K, used 11219K [0x00000000eab00000, 0x00000000fa900000, 0x0000000100000000)
  eden space 199680K, 0% used [0x00000000eab00000,0x00000000eab00000,0x00000000f6e00000)
  from space 22528K, 49% used [0x00000000f9300000,0x00000000f9df4d58,0x00000000fa900000)
  to   space 30208K, 0% used [0x00000000f6e00000,0x00000000f6e00000,0x00000000f8b80000)
 ParOldGen       total 182272K, used 54010K [0x00000000c0000000, 0x00000000cb200000, 0x00000000eab00000)
  object space 182272K, 29% used [0x00000000c0000000,0x00000000c34bea08,0x00000000cb200000)
 Metaspace       used 65269K, capacity 67950K, committed 68120K, reserved 1107968K
  class space    used 8566K, capacity 9221K, committed 9240K, reserved 1048576K
}

